[==ROOT BATCH FILE==] ...It's alive!! Root batch file starting.

█▀▄▀█ █░░ ▄▄ █▀█ █░█ ▀   █▀ ▀█▀ ▄▀█ █▀█ ▀█▀ █ █▄░█ █▀▀
█░▀░█ █▄▄ ░░ █▀▀ █▀█ ▄   ▄█ ░█░ █▀█ █▀▄ ░█░ █ █░▀█ █▄█

Version: 1.0
Time program started: 2021-01-25 16:35:02.566868 

Reading program inputs settings from command line.

Command line arguments initiated in InputData class constructor. Arguments:  ('1', '/n/home04/jzlu/codes/ml-ph/practice_files/basic', 'F', 'Gamma', 'energies', 'eledos', 'phdos')
Validating command line inputs...
Calculation type flag validated.
Root directory input validated.
van der Waals flag validated.
Adopting Gamma-centered sampling of the Brillouin zone.
Kpoints flag validated.
Parsing list of calculations to perform...
Recieved request to calculate total energies. Branching energy computation to different calculation pipeline...
Removed energy computation from main pipeline. Other calculations: ('eledos', 'phdos')
Final calculation list: ['energies']
Set to run parallel computations over grid sample in configuration space, defaulted to layer 1 (z = 0). Starting...
Configuration class instantiated. Initiating input files from /n/home04/jzlu/codes/ml-ph/practice_files/basic/
Searching for matches 'start' of file 'POSCAR_' in path /n/home04/jzlu/codes/ml-ph/practice_files/basic/ with files: ['Job14464426.out', 'EXECUTABLE_BAT_DNE', 'POSCAR', 'Err14464426.err']
Search done, returning list: []
POSCAR files found: []
[==ROOT BATCH FILE==] Root batch file completed execution.
